<?xml version="1.0" encoding="UTF-8"?>
<robot generator="Robot 3.1.2 (Python 3.7.5 on linux)" generated="20200107 17:50:52.008" rpa="false">
<suite id="s1" name="Testcases" source="/home/shivampathak/PycharmProjects/RobotFramework/Testcases">
<suite id="s1-s1" name="TC 001 Get Request" source="/home/shivampathak/PycharmProjects/RobotFramework/Testcases/TC_001_Get_Request.robot">
<test id="s1-s1-t1" name="TC_001 Get Request">
<kw name="Create Session" library="RequestsLibrary">
<doc>Create Session: create a HTTP session to a server</doc>
<arguments>
<arg>Get_st</arg>
<arg>${Base_URL}</arg>
</arguments>
<msg timestamp="20200107 17:50:52.090" level="INFO">Creating Session using : alias=Get_st, url=http://thetestingworldapi.com/, headers={},                     cookies={}, auth=None, timeout=None, proxies=None, verify=False,                     debug=0 </msg>
<status status="PASS" starttime="20200107 17:50:52.090" endtime="20200107 17:50:52.090"></status>
</kw>
<kw name="Get Request" library="RequestsLibrary">
<doc>Send a GET request on the session object found using the
given `alias`</doc>
<arguments>
<arg>Get_st</arg>
<arg>api/studentsDetails/${S_id}</arg>
</arguments>
<assign>
<var>${response}</var>
</assign>
<msg timestamp="20200107 17:50:52.091" level="INFO">GET Request using : uri=api/studentsDetails/2, params=None, allow_redirects=True, timeout=None
headers={'User-Agent': 'python-requests/2.22.0', 'Accept-Encoding': 'gzip, deflate', 'Accept': '*/*', 'Connection': 'keep-alive'} 
data=None 
json=None</msg>
<msg timestamp="20200107 17:50:52.188" level="INFO">${response} = &lt;Response [200]&gt;</msg>
<status status="PASS" starttime="20200107 17:50:52.091" endtime="20200107 17:50:52.188"></status>
</kw>
<kw name="Log To Console" library="BuiltIn">
<doc>Logs the given message to the console.</doc>
<arguments>
<arg>${response.status_code}</arg>
</arguments>
<status status="PASS" starttime="20200107 17:50:52.188" endtime="20200107 17:50:52.190"></status>
</kw>
<kw name="Convert To String" library="BuiltIn">
<doc>Converts the given item to a Unicode string.</doc>
<arguments>
<arg>${response.status_code}</arg>
</arguments>
<assign>
<var>${actual_code}</var>
</assign>
<msg timestamp="20200107 17:50:52.191" level="INFO">${actual_code} = 200</msg>
<status status="PASS" starttime="20200107 17:50:52.190" endtime="20200107 17:50:52.191"></status>
</kw>
<kw name="Should Be Equal" library="BuiltIn">
<doc>Fails if the given objects are unequal.</doc>
<arguments>
<arg>${actual_code}</arg>
<arg>201</arg>
</arguments>
<msg timestamp="20200107 17:50:52.193" level="FAIL">200 != 201</msg>
<status status="FAIL" starttime="20200107 17:50:52.192" endtime="20200107 17:50:52.193"></status>
</kw>
<status status="FAIL" starttime="20200107 17:50:52.089" endtime="20200107 17:50:52.193" critical="yes">200 != 201</status>
</test>
<status status="FAIL" starttime="20200107 17:50:52.031" endtime="20200107 17:50:52.194"></status>
</suite>
<suite id="s1-s2" name="TC 001 start close" source="/home/shivampathak/PycharmProjects/RobotFramework/Testcases/TC_001_start_close.robot">
<test id="s1-s2-t1" name="TC_001 Browser Start and Close">
<kw name="Open Browser" library="SeleniumLibrary">
<doc>Opens a new browser instance to the given ``url``.</doc>
<arguments>
<arg>${URL}</arg>
<arg>${Browser}</arg>
</arguments>
<msg timestamp="20200107 17:50:52.279" level="INFO">Opening browser 'Chrome' to base url 'https://thetestingworld.com/testings'.</msg>
<kw name="Capture Page Screenshot" library="SeleniumLibrary">
<doc>Takes screenshot of the current page and embeds it into log file.</doc>
<msg timestamp="20200107 17:50:52.286" level="INFO">Cannot capture screenshot because no browser is open.</msg>
<status status="PASS" starttime="20200107 17:50:52.285" endtime="20200107 17:50:52.286"></status>
</kw>
<msg timestamp="20200107 17:50:52.287" level="FAIL">WebDriverException: Message: 'chromedriver' executable needs to be in PATH. Please see https://sites.google.com/a/chromium.org/chromedriver/home
</msg>
<status status="FAIL" starttime="20200107 17:50:52.279" endtime="20200107 17:50:52.287"></status>
</kw>
<status status="FAIL" starttime="20200107 17:50:52.278" endtime="20200107 17:50:52.288" critical="yes">WebDriverException: Message: 'chromedriver' executable needs to be in PATH. Please see https://sites.google.com/a/chromium.org/chromedriver/home
</status>
</test>
<doc>Suite description</doc>
<status status="FAIL" starttime="20200107 17:50:52.194" endtime="20200107 17:50:52.288"></status>
</suite>
<suite id="s1-s3" name="TC 002 Validate Content" source="/home/shivampathak/PycharmProjects/RobotFramework/Testcases/TC_002_Validate_Content.robot">
<test id="s1-s3-t1" name="TC_001 Get Request">
<kw name="Create Session" library="RequestsLibrary">
<doc>Create Session: create a HTTP session to a server</doc>
<arguments>
<arg>Get_st</arg>
<arg>${Base_URL}</arg>
</arguments>
<msg timestamp="20200107 17:50:52.501" level="INFO">Creating Session using : alias=Get_st, url=http://thetestingworldapi.com/, headers={},                     cookies={}, auth=None, timeout=None, proxies=None, verify=False,                     debug=0 </msg>
<status status="PASS" starttime="20200107 17:50:52.501" endtime="20200107 17:50:52.501"></status>
</kw>
<kw name="Get Request" library="RequestsLibrary">
<doc>Send a GET request on the session object found using the
given `alias`</doc>
<arguments>
<arg>Get_st</arg>
<arg>api/studentsDetails/${S_id}</arg>
</arguments>
<assign>
<var>${Response}</var>
</assign>
<msg timestamp="20200107 17:50:52.502" level="INFO">GET Request using : uri=api/studentsDetails/2, params=None, allow_redirects=True, timeout=None
headers={'User-Agent': 'python-requests/2.22.0', 'Accept-Encoding': 'gzip, deflate', 'Accept': '*/*', 'Connection': 'keep-alive'} 
data=None 
json=None</msg>
<msg timestamp="20200107 17:50:52.563" level="INFO">${Response} = &lt;Response [200]&gt;</msg>
<status status="PASS" starttime="20200107 17:50:52.502" endtime="20200107 17:50:52.563"></status>
</kw>
<kw name="To Json" library="RequestsLibrary">
<doc>Convert a string to a JSON object</doc>
<arguments>
<arg>${Response.content}</arg>
</arguments>
<assign>
<var>${json_resp}</var>
</assign>
<msg timestamp="20200107 17:50:52.564" level="INFO">To JSON using : content={"status":"false","msg":"No data Found"} </msg>
<msg timestamp="20200107 17:50:52.564" level="INFO">To JSON using : pretty_print=False </msg>
<msg timestamp="20200107 17:50:52.565" level="INFO">${json_resp} = {'status': 'false', 'msg': 'No data Found'}</msg>
<status status="PASS" starttime="20200107 17:50:52.563" endtime="20200107 17:50:52.565"></status>
</kw>
<kw name="Get Value From Json" library="JSONLibrary">
<doc>Get Value From JSON using JSONPath</doc>
<arguments>
<arg>${json_resp}</arg>
<arg>data.first_name</arg>
</arguments>
<assign>
<var>@{first_name_list}</var>
</assign>
<msg timestamp="20200107 17:50:52.604" level="INFO">@{first_name_list} = [ ]</msg>
<status status="PASS" starttime="20200107 17:50:52.565" endtime="20200107 17:50:52.604"></status>
</kw>
<kw name="Get From List" library="Collections">
<doc>Returns the value specified with an ``index`` from ``list``.</doc>
<arguments>
<arg>${first_name_list}</arg>
<arg>0</arg>
</arguments>
<assign>
<var>${first_name}</var>
</assign>
<msg timestamp="20200107 17:50:52.605" level="FAIL">IndexError: Given index 0 is out of the range 0--1.</msg>
<status status="FAIL" starttime="20200107 17:50:52.604" endtime="20200107 17:50:52.605"></status>
</kw>
<status status="FAIL" starttime="20200107 17:50:52.500" endtime="20200107 17:50:52.605" critical="yes">IndexError: Given index 0 is out of the range 0--1.</status>
</test>
<status status="FAIL" starttime="20200107 17:50:52.290" endtime="20200107 17:50:52.605"></status>
</suite>
<suite id="s1-s4" name="TC 003 Get Parameters" source="/home/shivampathak/PycharmProjects/RobotFramework/Testcases/TC_003_Get_Parameters.robot">
<test id="s1-s4-t1" name="TC_003 Get Request with Params">
<kw name="Create Session" library="RequestsLibrary">
<doc>Create Session: create a HTTP session to a server</doc>
<arguments>
<arg>Get_st</arg>
<arg>${Base_URL}</arg>
</arguments>
<msg timestamp="20200107 17:50:52.610" level="INFO">Creating Session using : alias=Get_st, url=https://reqres.in, headers={},                     cookies={}, auth=None, timeout=None, proxies=None, verify=False,                     debug=0 </msg>
<status status="PASS" starttime="20200107 17:50:52.610" endtime="20200107 17:50:52.611"></status>
</kw>
<kw name="Create Dictionary" library="BuiltIn">
<doc>Creates and returns a dictionary based on the given ``items``.</doc>
<arguments>
<arg>page=2</arg>
</arguments>
<assign>
<var>&amp;{parameters}</var>
</assign>
<msg timestamp="20200107 17:50:52.612" level="INFO">&amp;{parameters} = { page=2 }</msg>
<status status="PASS" starttime="20200107 17:50:52.611" endtime="20200107 17:50:52.612"></status>
</kw>
<kw name="Get Request" library="RequestsLibrary">
<doc>Send a GET request on the session object found using the
given `alias`</doc>
<arguments>
<arg>Get_st</arg>
<arg>/api/users</arg>
<arg>params=${parameters}</arg>
</arguments>
<assign>
<var>${Response}</var>
</assign>
<msg timestamp="20200107 17:50:52.613" level="INFO">GET Request using : uri=/api/users, params={'page': '2'}, allow_redirects=True, timeout=None
headers={'User-Agent': 'python-requests/2.22.0', 'Accept-Encoding': 'gzip, deflate', 'Accept': '*/*', 'Connection': 'keep-alive'} 
data=None 
json=None</msg>
<msg timestamp="20200107 17:50:53.068" level="INFO">/home/shivampathak/PycharmProjects/RobotFramework/venv/lib/python3.7/site-packages/urllib3/connectionpool.py:1004: InsecureRequestWarning: Unverified HTTPS request is being made. Adding certificate verification is strongly advised. See: https://urllib3.readthedocs.io/en/latest/advanced-usage.html#ssl-warnings
  InsecureRequestWarning,</msg>
<msg timestamp="20200107 17:50:53.068" level="INFO">${Response} = &lt;Response [200]&gt;</msg>
<status status="PASS" starttime="20200107 17:50:52.613" endtime="20200107 17:50:53.069"></status>
</kw>
<kw name="Log To Console" library="BuiltIn">
<doc>Logs the given message to the console.</doc>
<arguments>
<arg>${Response.content}</arg>
</arguments>
<status status="PASS" starttime="20200107 17:50:53.069" endtime="20200107 17:50:53.070"></status>
</kw>
<kw name="Log To Console" library="BuiltIn">
<doc>Logs the given message to the console.</doc>
<arguments>
<arg>${Response.status_code}</arg>
</arguments>
<status status="PASS" starttime="20200107 17:50:53.071" endtime="20200107 17:50:53.072"></status>
</kw>
<status status="PASS" starttime="20200107 17:50:52.609" endtime="20200107 17:50:53.073" critical="yes"></status>
</test>
<status status="PASS" starttime="20200107 17:50:52.606" endtime="20200107 17:50:53.076"></status>
</suite>
<suite id="s1-s5" name="TC 004 Delete Request" source="/home/shivampathak/PycharmProjects/RobotFramework/Testcases/TC_004_Delete_Request.robot">
<test id="s1-s5-t1" name="TC_001 Get Request">
<kw name="Create Session" library="RequestsLibrary">
<doc>Create Session: create a HTTP session to a server</doc>
<arguments>
<arg>Get_st</arg>
<arg>${Base_URL}</arg>
</arguments>
<msg timestamp="20200107 17:50:53.085" level="INFO">Creating Session using : alias=Get_st, url=http://thetestingworldapi.com/, headers={},                     cookies={}, auth=None, timeout=None, proxies=None, verify=False,                     debug=0 </msg>
<status status="PASS" starttime="20200107 17:50:53.084" endtime="20200107 17:50:53.085"></status>
</kw>
<kw name="Delete Request" library="RequestsLibrary">
<doc>Send a DELETE request on the session object found using the
given `alias`</doc>
<arguments>
<arg>Get_st</arg>
<arg>api/studentsDetails/${S_id}</arg>
</arguments>
<assign>
<var>${Response}</var>
</assign>
<msg timestamp="20200107 17:50:53.086" level="INFO">DELETE Request using : uri=api/studentsDetails/2, params=None, allow_redirects=True, timeout=None
headers={'User-Agent': 'python-requests/2.22.0', 'Accept-Encoding': 'gzip, deflate', 'Accept': '*/*', 'Connection': 'keep-alive'} 
data=None 
json=None</msg>
<msg timestamp="20200107 17:50:53.159" level="INFO">${Response} = &lt;Response [200]&gt;</msg>
<status status="PASS" starttime="20200107 17:50:53.085" endtime="20200107 17:50:53.159"></status>
</kw>
<kw name="Log To Console" library="BuiltIn">
<doc>Logs the given message to the console.</doc>
<arguments>
<arg>${Response.content}</arg>
</arguments>
<status status="PASS" starttime="20200107 17:50:53.160" endtime="20200107 17:50:53.161"></status>
</kw>
<kw name="Log To Console" library="BuiltIn">
<doc>Logs the given message to the console.</doc>
<arguments>
<arg>${Response.status_code}</arg>
</arguments>
<status status="PASS" starttime="20200107 17:50:53.162" endtime="20200107 17:50:53.163"></status>
</kw>
<status status="PASS" starttime="20200107 17:50:53.084" endtime="20200107 17:50:53.163" critical="yes"></status>
</test>
<status status="PASS" starttime="20200107 17:50:53.079" endtime="20200107 17:50:53.164"></status>
</suite>
<suite id="s1-s6" name="TC 005 Post Request" source="/home/shivampathak/PycharmProjects/RobotFramework/Testcases/TC_005_Post_Request.robot">
<test id="s1-s6-t1" name="TC_001 Get Request">
<kw name="Create Session" library="RequestsLibrary">
<doc>Create Session: create a HTTP session to a server</doc>
<arguments>
<arg>Get_st</arg>
<arg>${Base_URL}</arg>
</arguments>
<msg timestamp="20200107 17:50:53.175" level="INFO">Creating Session using : alias=Get_st, url=http://thetestingworldapi.com/, headers={},                     cookies={}, auth=None, timeout=None, proxies=None, verify=False,                     debug=0 </msg>
<status status="PASS" starttime="20200107 17:50:53.174" endtime="20200107 17:50:53.175"></status>
</kw>
<kw name="Create Dictionary" library="BuiltIn">
<doc>Creates and returns a dictionary based on the given ``items``.</doc>
<arguments>
<arg>first_name=Testing2 middle_name=Test4</arg>
<arg>last_name==Testing2</arg>
<arg>date_of_birt=10/10/2001</arg>
</arguments>
<assign>
<var>&amp;{body}</var>
</assign>
<msg timestamp="20200107 17:50:53.177" level="INFO">&amp;{body} = { first_name=Testing2 middle_name=Test4 | last_name==Testing2 | date_of_birt=10/10/2001 }</msg>
<status status="PASS" starttime="20200107 17:50:53.176" endtime="20200107 17:50:53.177"></status>
</kw>
<kw name="Create Dictionary" library="BuiltIn">
<doc>Creates and returns a dictionary based on the given ``items``.</doc>
<arguments>
<arg>Content-Type=application/json</arg>
</arguments>
<assign>
<var>${header}</var>
</assign>
<msg timestamp="20200107 17:50:53.178" level="INFO">${header} = {'Content-Type': 'application/json'}</msg>
<status status="PASS" starttime="20200107 17:50:53.177" endtime="20200107 17:50:53.178"></status>
</kw>
<kw name="Post Request" library="RequestsLibrary">
<doc>Send a POST request on the session object found using the
given `alias`</doc>
<arguments>
<arg>Get_st</arg>
<arg>api/studentsDetails/</arg>
<arg>data=&amp;{body}</arg>
<arg>headers=${header}</arg>
</arguments>
<assign>
<var>${Response}</var>
</assign>
<msg timestamp="20200107 17:50:53.179" level="INFO">POST Request using : uri=api/studentsDetails/, params=None, files=None, allow_redirects=True, timeout=None
headers={'User-Agent': 'python-requests/2.22.0', 'Accept-Encoding': 'gzip, deflate', 'Accept': '*/*', 'Connection': 'keep-alive', 'Content-Type': 'application/json'} 
data={"first_name": "Testing2 middle_name=Test4", "last_name": "=Testing2", "date_of_birt": "10/10/2001"} 
json=None</msg>
<msg timestamp="20200107 17:50:53.349" level="INFO">${Response} = &lt;Response [201]&gt;</msg>
<status status="PASS" starttime="20200107 17:50:53.178" endtime="20200107 17:50:53.349"></status>
</kw>
<kw name="Log To Console" library="BuiltIn">
<doc>Logs the given message to the console.</doc>
<arguments>
<arg>${Response.content}</arg>
</arguments>
<status status="PASS" starttime="20200107 17:50:53.349" endtime="20200107 17:50:53.349"></status>
</kw>
<kw name="Log To Console" library="BuiltIn">
<doc>Logs the given message to the console.</doc>
<arguments>
<arg>${Response.status_code}</arg>
</arguments>
<status status="PASS" starttime="20200107 17:50:53.350" endtime="20200107 17:50:53.350"></status>
</kw>
<status status="PASS" starttime="20200107 17:50:53.173" endtime="20200107 17:50:53.350" critical="yes"></status>
</test>
<status status="PASS" starttime="20200107 17:50:53.165" endtime="20200107 17:50:53.351"></status>
</suite>
<suite id="s1-s7" name="TC 006 Put Request" source="/home/shivampathak/PycharmProjects/RobotFramework/Testcases/TC_006_Put_Request.robot">
<test id="s1-s7-t1" name="TC_001 Get Request">
<kw name="Create Session" library="RequestsLibrary">
<doc>Create Session: create a HTTP session to a server</doc>
<arguments>
<arg>Get_st</arg>
<arg>${Base_URL}</arg>
</arguments>
<msg timestamp="20200107 17:50:53.356" level="INFO">Creating Session using : alias=Get_st, url=http://thetestingworldapi.com/, headers={},                     cookies={}, auth=None, timeout=None, proxies=None, verify=False,                     debug=0 </msg>
<status status="PASS" starttime="20200107 17:50:53.356" endtime="20200107 17:50:53.357"></status>
</kw>
<kw name="Create Dictionary" library="BuiltIn">
<doc>Creates and returns a dictionary based on the given ``items``.</doc>
<arguments>
<arg>first_name=Testing2 middle_name=Test2</arg>
<arg>last_name==Testing2</arg>
<arg>date_of_birt=10/10/2001</arg>
</arguments>
<assign>
<var>&amp;{body}</var>
</assign>
<msg timestamp="20200107 17:50:53.357" level="INFO">&amp;{body} = { first_name=Testing2 middle_name=Test2 | last_name==Testing2 | date_of_birt=10/10/2001 }</msg>
<status status="PASS" starttime="20200107 17:50:53.357" endtime="20200107 17:50:53.358"></status>
</kw>
<kw name="Create Dictionary" library="BuiltIn">
<doc>Creates and returns a dictionary based on the given ``items``.</doc>
<arguments>
<arg>Content-Type=application/json</arg>
</arguments>
<assign>
<var>${header}</var>
</assign>
<msg timestamp="20200107 17:50:53.358" level="INFO">${header} = {'Content-Type': 'application/json'}</msg>
<status status="PASS" starttime="20200107 17:50:53.358" endtime="20200107 17:50:53.358"></status>
</kw>
<kw name="Put Request" library="RequestsLibrary">
<doc>Send a PUT request on the session object found using the
given `alias`</doc>
<arguments>
<arg>Get_st</arg>
<arg>api/studentsDetails/153988</arg>
<arg>data=&amp;{body}</arg>
<arg>headers=${header}</arg>
</arguments>
<assign>
<var>${Response}</var>
</assign>
<msg timestamp="20200107 17:50:53.359" level="INFO">PUT Request using : uri=api/studentsDetails/153988, params=None, files=None, allow_redirects=True, timeout=None
headers={'User-Agent': 'python-requests/2.22.0', 'Accept-Encoding': 'gzip, deflate', 'Accept': '*/*', 'Connection': 'keep-alive', 'Content-Type': 'application/json'} 
data={"first_name": "Testing2 middle_name=Test2", "last_name": "=Testing2", "date_of_birt": "10/10/2001"} 
json=None</msg>
<msg timestamp="20200107 17:50:53.418" level="INFO">${Response} = &lt;Response [400]&gt;</msg>
<status status="PASS" starttime="20200107 17:50:53.358" endtime="20200107 17:50:53.419"></status>
</kw>
<kw name="Log To Console" library="BuiltIn">
<doc>Logs the given message to the console.</doc>
<arguments>
<arg>${Response.content}</arg>
</arguments>
<status status="PASS" starttime="20200107 17:50:53.419" endtime="20200107 17:50:53.419"></status>
</kw>
<kw name="Log To Console" library="BuiltIn">
<doc>Logs the given message to the console.</doc>
<arguments>
<arg>${Response.status_code}</arg>
</arguments>
<status status="PASS" starttime="20200107 17:50:53.420" endtime="20200107 17:50:53.420"></status>
</kw>
<status status="PASS" starttime="20200107 17:50:53.356" endtime="20200107 17:50:53.420" critical="yes"></status>
</test>
<status status="PASS" starttime="20200107 17:50:53.352" endtime="20200107 17:50:53.421"></status>
</suite>
<suite id="s1-s8" name="TC 007 request chaining" source="/home/shivampathak/PycharmProjects/RobotFramework/Testcases/TC_007_request_chaining.robot">
<test id="s1-s8-t1" name="TC_001 Get Request">
<kw name="Create Session" library="RequestsLibrary">
<doc>Create Session: create a HTTP session to a server</doc>
<arguments>
<arg>Get_st</arg>
<arg>${Base_URL}</arg>
</arguments>
<msg timestamp="20200107 17:50:53.426" level="INFO">Creating Session using : alias=Get_st, url=http://thetestingworldapi.com/, headers={},                     cookies={}, auth=None, timeout=None, proxies=None, verify=False,                     debug=0 </msg>
<status status="PASS" starttime="20200107 17:50:53.426" endtime="20200107 17:50:53.426"></status>
</kw>
<kw name="Create Dictionary" library="BuiltIn">
<doc>Creates and returns a dictionary based on the given ``items``.</doc>
<arguments>
<arg>first_name=${original_first_name} middle_name=V</arg>
<arg>last_name==World date_of_birt=10/10/2001</arg>
</arguments>
<assign>
<var>&amp;{body}</var>
</assign>
<msg timestamp="20200107 17:50:53.427" level="INFO">&amp;{body} = { first_name=Hello1 middle_name=V | last_name==World date_of_birt=10/10/2001 }</msg>
<status status="PASS" starttime="20200107 17:50:53.427" endtime="20200107 17:50:53.427"></status>
</kw>
<kw name="Create Dictionary" library="BuiltIn">
<doc>Creates and returns a dictionary based on the given ``items``.</doc>
<arguments>
<arg>Content-Type=application/json</arg>
</arguments>
<assign>
<var>${header}</var>
</assign>
<msg timestamp="20200107 17:50:53.428" level="INFO">${header} = {'Content-Type': 'application/json'}</msg>
<status status="PASS" starttime="20200107 17:50:53.427" endtime="20200107 17:50:53.428"></status>
</kw>
<kw name="Post Request" library="RequestsLibrary">
<doc>Send a POST request on the session object found using the
given `alias`</doc>
<arguments>
<arg>Get_st</arg>
<arg>api/studentsDetails/153988</arg>
<arg>data=&amp;{body}</arg>
<arg>headers=${header}</arg>
</arguments>
<assign>
<var>${Post_Response}</var>
</assign>
<msg timestamp="20200107 17:50:53.428" level="INFO">POST Request using : uri=api/studentsDetails/153988, params=None, files=None, allow_redirects=True, timeout=None
headers={'User-Agent': 'python-requests/2.22.0', 'Accept-Encoding': 'gzip, deflate', 'Accept': '*/*', 'Connection': 'keep-alive', 'Content-Type': 'application/json'} 
data={"first_name": "Hello1 middle_name=V", "last_name": "=World date_of_birt=10/10/2001"} 
json=None</msg>
<msg timestamp="20200107 17:50:53.904" level="INFO">${Post_Response} = &lt;Response [201]&gt;</msg>
<status status="PASS" starttime="20200107 17:50:53.428" endtime="20200107 17:50:53.904"></status>
</kw>
<kw name="To Json" library="RequestsLibrary">
<doc>Convert a string to a JSON object</doc>
<arguments>
<arg>${Post_Response.content}</arg>
</arguments>
<assign>
<var>${json_response}</var>
</assign>
<msg timestamp="20200107 17:50:53.906" level="INFO">To JSON using : content={"id":154068,"first_name":"Hello1 middle_name=V","middle_name":null,"last_name":"=World date_of_birt=10/10/2001","date_of_birth":null} </msg>
<msg timestamp="20200107 17:50:53.906" level="INFO">To JSON using : pretty_print=False </msg>
<msg timestamp="20200107 17:50:53.906" level="INFO">${json_response} = {'id': 154068, 'first_name': 'Hello1 middle_name=V', 'middle_name': None, 'last_name': '=World date_of_birt=10/10/2001', 'date_of_birth': None}</msg>
<status status="PASS" starttime="20200107 17:50:53.905" endtime="20200107 17:50:53.907"></status>
</kw>
<kw name="Get Value From Json" library="JSONLibrary">
<doc>Get Value From JSON using JSONPath</doc>
<arguments>
<arg>${json_response}</arg>
<arg>id</arg>
</arguments>
<assign>
<var>@{json_list}</var>
</assign>
<msg timestamp="20200107 17:50:53.934" level="INFO">@{json_list} = [ 154068 ]</msg>
<status status="PASS" starttime="20200107 17:50:53.907" endtime="20200107 17:50:53.934"></status>
</kw>
<kw name="Get From List" library="Collections">
<doc>Returns the value specified with an ``index`` from ``list``.</doc>
<arguments>
<arg>${json_list}</arg>
<arg>0</arg>
</arguments>
<assign>
<var>${id}</var>
</assign>
<msg timestamp="20200107 17:50:53.935" level="INFO">${id} = 154068</msg>
<status status="PASS" starttime="20200107 17:50:53.935" endtime="20200107 17:50:53.935"></status>
</kw>
<kw name="Create Dictionary" library="BuiltIn">
<doc>Creates and returns a dictionary based on the given ``items``.</doc>
<arguments>
<arg>id=${id}</arg>
<arg>first_name=${updated_first_name} middle_name=V</arg>
<arg>last_name==World</arg>
<arg>date_of_birt=10/10/2001</arg>
</arguments>
<assign>
<var>&amp;{body1}</var>
</assign>
<msg timestamp="20200107 17:50:53.936" level="INFO">&amp;{body1} = { id=154068 | first_name=Testing1 middle_name=V | last_name==World | date_of_birt=10/10/2001 }</msg>
<status status="PASS" starttime="20200107 17:50:53.935" endtime="20200107 17:50:53.936"></status>
</kw>
<kw name="Post Request" library="RequestsLibrary">
<doc>Send a POST request on the session object found using the
given `alias`</doc>
<arguments>
<arg>Get_st</arg>
<arg>api/studentsDetails/153988</arg>
<arg>data=&amp;{body1}</arg>
<arg>headers=${header}</arg>
</arguments>
<assign>
<var>${Put_Response}</var>
</assign>
<msg timestamp="20200107 17:50:53.936" level="INFO">POST Request using : uri=api/studentsDetails/153988, params=None, files=None, allow_redirects=True, timeout=None
headers={'User-Agent': 'python-requests/2.22.0', 'Accept-Encoding': 'gzip, deflate', 'Accept': '*/*', 'Connection': 'keep-alive', 'Content-Type': 'application/json'} 
data={"id": 154068, "first_name": "Testing1 middle_name=V", "last_name": "=World", "date_of_birt": "10/10/2001"} 
json=None</msg>
<msg timestamp="20200107 17:50:53.968" level="INFO">${Put_Response} = &lt;Response [201]&gt;</msg>
<status status="PASS" starttime="20200107 17:50:53.936" endtime="20200107 17:50:53.968"></status>
</kw>
<kw name="Log To Console" library="BuiltIn">
<doc>Logs the given message to the console.</doc>
<arguments>
<arg>${Put_Response.content}</arg>
</arguments>
<status status="PASS" starttime="20200107 17:50:53.969" endtime="20200107 17:50:53.969"></status>
</kw>
<kw name="Log To Console" library="BuiltIn">
<doc>Logs the given message to the console.</doc>
<arguments>
<arg>${Put_Response.status_code}</arg>
</arguments>
<status status="PASS" starttime="20200107 17:50:53.970" endtime="20200107 17:50:53.971"></status>
</kw>
<status status="PASS" starttime="20200107 17:50:53.425" endtime="20200107 17:50:53.972" critical="yes"></status>
</test>
<status status="PASS" starttime="20200107 17:50:53.421" endtime="20200107 17:50:53.973"></status>
</suite>
<suite id="s1-s9" name="TC 008 request chaining" source="/home/shivampathak/PycharmProjects/RobotFramework/Testcases/TC_008_request_chaining.robot">
<test id="s1-s9-t1" name="TC_001 Get Request">
<kw name="Create Session" library="RequestsLibrary">
<doc>Create Session: create a HTTP session to a server</doc>
<arguments>
<arg>Get_st</arg>
<arg>${Base_URL}</arg>
</arguments>
<msg timestamp="20200107 17:50:53.983" level="INFO">Creating Session using : alias=Get_st, url=http://thetestingworldapi.com/, headers={},                     cookies={}, auth=None, timeout=None, proxies=None, verify=False,                     debug=0 </msg>
<status status="PASS" starttime="20200107 17:50:53.983" endtime="20200107 17:50:53.983"></status>
</kw>
<kw name="Create Dictionary" library="BuiltIn">
<doc>Creates and returns a dictionary based on the given ``items``.</doc>
<arguments>
<arg>first_name=${original_first_name}</arg>
<arg>middle_name=V</arg>
<arg>last_name==World date_of_birt=10/10/2001</arg>
</arguments>
<assign>
<var>&amp;{body}</var>
</assign>
<msg timestamp="20200107 17:50:53.984" level="INFO">&amp;{body} = { first_name=Hello1 | middle_name=V | last_name==World date_of_birt=10/10/2001 }</msg>
<status status="PASS" starttime="20200107 17:50:53.984" endtime="20200107 17:50:53.984"></status>
</kw>
<kw name="Create Dictionary" library="BuiltIn">
<doc>Creates and returns a dictionary based on the given ``items``.</doc>
<arguments>
<arg>Content-Type=application/json</arg>
</arguments>
<assign>
<var>${header}</var>
</assign>
<msg timestamp="20200107 17:50:53.985" level="INFO">${header} = {'Content-Type': 'application/json'}</msg>
<status status="PASS" starttime="20200107 17:50:53.984" endtime="20200107 17:50:53.985"></status>
</kw>
<kw name="Post Request" library="RequestsLibrary">
<doc>Send a POST request on the session object found using the
given `alias`</doc>
<arguments>
<arg>Get_st</arg>
<arg>api/studentsDetails</arg>
<arg>data=&amp;{body}</arg>
<arg>headers=${header}</arg>
</arguments>
<assign>
<var>${Post_Response}</var>
</assign>
<msg timestamp="20200107 17:50:53.985" level="INFO">POST Request using : uri=api/studentsDetails, params=None, files=None, allow_redirects=True, timeout=None
headers={'User-Agent': 'python-requests/2.22.0', 'Accept-Encoding': 'gzip, deflate', 'Accept': '*/*', 'Connection': 'keep-alive', 'Content-Type': 'application/json'} 
data={"first_name": "Hello1", "middle_name": "V", "last_name": "=World date_of_birt=10/10/2001"} 
json=None</msg>
<msg timestamp="20200107 17:50:54.057" level="INFO">${Post_Response} = &lt;Response [201]&gt;</msg>
<status status="PASS" starttime="20200107 17:50:53.985" endtime="20200107 17:50:54.057"></status>
</kw>
<kw name="To Json" library="RequestsLibrary">
<doc>Convert a string to a JSON object</doc>
<arguments>
<arg>${Post_Response.content}</arg>
</arguments>
<assign>
<var>${json_response}</var>
</assign>
<msg timestamp="20200107 17:50:54.059" level="INFO">To JSON using : content={"id":154070,"first_name":"Hello1","middle_name":"V","last_name":"=World date_of_birt=10/10/2001","date_of_birth":null} </msg>
<msg timestamp="20200107 17:50:54.059" level="INFO">To JSON using : pretty_print=False </msg>
<msg timestamp="20200107 17:50:54.059" level="INFO">${json_response} = {'id': 154070, 'first_name': 'Hello1', 'middle_name': 'V', 'last_name': '=World date_of_birt=10/10/2001', 'date_of_birth': None}</msg>
<status status="PASS" starttime="20200107 17:50:54.058" endtime="20200107 17:50:54.059"></status>
</kw>
<kw name="Get Value From Json" library="JSONLibrary">
<doc>Get Value From JSON using JSONPath</doc>
<arguments>
<arg>${json_response}</arg>
<arg>id</arg>
</arguments>
<assign>
<var>@{json_list}</var>
</assign>
<msg timestamp="20200107 17:50:54.086" level="INFO">@{json_list} = [ 154070 ]</msg>
<status status="PASS" starttime="20200107 17:50:54.060" endtime="20200107 17:50:54.086"></status>
</kw>
<kw name="Get From List" library="Collections">
<doc>Returns the value specified with an ``index`` from ``list``.</doc>
<arguments>
<arg>${json_list}</arg>
<arg>0</arg>
</arguments>
<assign>
<var>${id}</var>
</assign>
<msg timestamp="20200107 17:50:54.087" level="INFO">${id} = 154070</msg>
<status status="PASS" starttime="20200107 17:50:54.087" endtime="20200107 17:50:54.087"></status>
</kw>
<kw name="Create Dictionary" library="BuiltIn">
<doc>Creates and returns a dictionary based on the given ``items``.</doc>
<arguments>
<arg>id=${id}</arg>
<arg>first_name=${updated_first_name}</arg>
<arg>middle_name=V</arg>
<arg>last_name==World</arg>
<arg>date_of_birt=10/10/2001</arg>
</arguments>
<assign>
<var>&amp;{body1}</var>
</assign>
<msg timestamp="20200107 17:50:54.088" level="INFO">&amp;{body1} = { id=154070 | first_name=Testing1 | middle_name=V | last_name==World | date_of_birt=10/10/2001 }</msg>
<status status="PASS" starttime="20200107 17:50:54.087" endtime="20200107 17:50:54.088"></status>
</kw>
<kw name="Put Request" library="RequestsLibrary">
<doc>Send a PUT request on the session object found using the
given `alias`</doc>
<arguments>
<arg>Get_st</arg>
<arg>api/studentsDetails/${id}</arg>
<arg>data=&amp;{body1}</arg>
<arg>headers=${header}</arg>
</arguments>
<assign>
<var>${Put_Response}</var>
</assign>
<msg timestamp="20200107 17:50:54.089" level="INFO">PUT Request using : uri=api/studentsDetails/154070, params=None, files=None, allow_redirects=True, timeout=None
headers={'User-Agent': 'python-requests/2.22.0', 'Accept-Encoding': 'gzip, deflate', 'Accept': '*/*', 'Connection': 'keep-alive', 'Content-Type': 'application/json'} 
data={"id": 154070, "first_name": "Testing1", "middle_name": "V", "last_name": "=World", "date_of_birt": "10/10/2001"} 
json=None</msg>
<msg timestamp="20200107 17:50:54.125" level="INFO">${Put_Response} = &lt;Response [200]&gt;</msg>
<status status="PASS" starttime="20200107 17:50:54.088" endtime="20200107 17:50:54.125"></status>
</kw>
<kw name="Get Request" library="RequestsLibrary">
<doc>Send a GET request on the session object found using the
given `alias`</doc>
<arguments>
<arg>Get_st</arg>
<arg>api/studentsDetails/${id}</arg>
</arguments>
<assign>
<var>${get_Response}</var>
</assign>
<msg timestamp="20200107 17:50:54.127" level="INFO">GET Request using : uri=api/studentsDetails/154070, params=None, allow_redirects=True, timeout=None
headers={'User-Agent': 'python-requests/2.22.0', 'Accept-Encoding': 'gzip, deflate', 'Accept': '*/*', 'Connection': 'keep-alive'} 
data=None 
json=None</msg>
<msg timestamp="20200107 17:50:54.182" level="INFO">${get_Response} = &lt;Response [200]&gt;</msg>
<status status="PASS" starttime="20200107 17:50:54.126" endtime="20200107 17:50:54.182"></status>
</kw>
<kw name="To Json" library="RequestsLibrary">
<doc>Convert a string to a JSON object</doc>
<arguments>
<arg>${get_Response.content}</arg>
</arguments>
<assign>
<var>${json_get_response}</var>
</assign>
<msg timestamp="20200107 17:50:54.183" level="INFO">To JSON using : content={"status":"true","data":{"id":154070,"first_name":"Testing1","middle_name":"V","last_name":"=World","date_of_birth":null}} </msg>
<msg timestamp="20200107 17:50:54.183" level="INFO">To JSON using : pretty_print=False </msg>
<msg timestamp="20200107 17:50:54.184" level="INFO">${json_get_response} = {'status': 'true', 'data': {'id': 154070, 'first_name': 'Testing1', 'middle_name': 'V', 'last_name': '=World', 'date_of_birth': None}}</msg>
<status status="PASS" starttime="20200107 17:50:54.182" endtime="20200107 17:50:54.184"></status>
</kw>
<kw name="Get Value From Json" library="JSONLibrary">
<doc>Get Value From JSON using JSONPath</doc>
<arguments>
<arg>${json_get_response}</arg>
<arg>data.first_name</arg>
</arguments>
<assign>
<var>@{lfirst_name}</var>
</assign>
<msg timestamp="20200107 17:50:54.214" level="INFO">@{lfirst_name} = [ Testing1 ]</msg>
<status status="PASS" starttime="20200107 17:50:54.185" endtime="20200107 17:50:54.214"></status>
</kw>
<kw name="Get From List" library="Collections">
<doc>Returns the value specified with an ``index`` from ``list``.</doc>
<arguments>
<arg>${lfirst_name}</arg>
<arg>0</arg>
</arguments>
<assign>
<var>${first_name}</var>
</assign>
<msg timestamp="20200107 17:50:54.214" level="INFO">${first_name} = Testing1</msg>
<status status="PASS" starttime="20200107 17:50:54.214" endtime="20200107 17:50:54.215"></status>
</kw>
<kw name="Should Be Equal" library="BuiltIn">
<doc>Fails if the given objects are unequal.</doc>
<arguments>
<arg>${first_name}</arg>
<arg>${updated_first_name}</arg>
</arguments>
<status status="PASS" starttime="20200107 17:50:54.215" endtime="20200107 17:50:54.215"></status>
</kw>
<kw name="Delete Request" library="RequestsLibrary">
<doc>Send a DELETE request on the session object found using the
given `alias`</doc>
<arguments>
<arg>Get_st</arg>
<arg>api/studentsDetails/${id}</arg>
</arguments>
<assign>
<var>${delete_response}</var>
</assign>
<msg timestamp="20200107 17:50:54.216" level="INFO">DELETE Request using : uri=api/studentsDetails/154070, params=None, allow_redirects=True, timeout=None
headers={'User-Agent': 'python-requests/2.22.0', 'Accept-Encoding': 'gzip, deflate', 'Accept': '*/*', 'Connection': 'keep-alive'} 
data=None 
json=None</msg>
<msg timestamp="20200107 17:50:54.264" level="INFO">${delete_response} = &lt;Response [200]&gt;</msg>
<status status="PASS" starttime="20200107 17:50:54.215" endtime="20200107 17:50:54.264"></status>
</kw>
<kw name="To Json" library="RequestsLibrary">
<doc>Convert a string to a JSON object</doc>
<arguments>
<arg>${delete_response.content}</arg>
</arguments>
<assign>
<var>${json_delete}</var>
</assign>
<msg timestamp="20200107 17:50:54.265" level="INFO">To JSON using : content={"status":"true","msg":"Delete  data success"} </msg>
<msg timestamp="20200107 17:50:54.266" level="INFO">To JSON using : pretty_print=False </msg>
<msg timestamp="20200107 17:50:54.266" level="INFO">${json_delete} = {'status': 'true', 'msg': 'Delete  data success'}</msg>
<status status="PASS" starttime="20200107 17:50:54.265" endtime="20200107 17:50:54.266"></status>
</kw>
<kw name="Get Value From Json" library="JSONLibrary">
<doc>Get Value From JSON using JSONPath</doc>
<arguments>
<arg>${json_delete}</arg>
<arg>status</arg>
</arguments>
<assign>
<var>@{Message}</var>
</assign>
<msg timestamp="20200107 17:50:54.296" level="INFO">@{Message} = [ true ]</msg>
<status status="PASS" starttime="20200107 17:50:54.267" endtime="20200107 17:50:54.296"></status>
</kw>
<kw name="Get From List" library="Collections">
<doc>Returns the value specified with an ``index`` from ``list``.</doc>
<arguments>
<arg>${Message}</arg>
<arg>0</arg>
</arguments>
<assign>
<var>${statusM}</var>
</assign>
<msg timestamp="20200107 17:50:54.297" level="INFO">${statusM} = true</msg>
<status status="PASS" starttime="20200107 17:50:54.297" endtime="20200107 17:50:54.297"></status>
</kw>
<kw name="Should Be Equal" library="BuiltIn">
<doc>Fails if the given objects are unequal.</doc>
<arguments>
<arg>${statusM}</arg>
<arg>true</arg>
</arguments>
<status status="PASS" starttime="20200107 17:50:54.298" endtime="20200107 17:50:54.298"></status>
</kw>
<status status="PASS" starttime="20200107 17:50:53.982" endtime="20200107 17:50:54.298" critical="yes"></status>
</test>
<status status="PASS" starttime="20200107 17:50:53.974" endtime="20200107 17:50:54.299"></status>
</suite>
<suite id="s1-s10" name="TC 009 user keywords" source="/home/shivampathak/PycharmProjects/RobotFramework/Testcases/TC_009_user_keywords.robot">
<test id="s1-s10-t1" name="TC_001 Get Request">
<kw name="Create Session" library="RequestsLibrary">
<doc>Create Session: create a HTTP session to a server</doc>
<arguments>
<arg>Get_st</arg>
<arg>${Base_URL}</arg>
</arguments>
<msg timestamp="20200107 17:50:54.306" level="INFO">Creating Session using : alias=Get_st, url=http://thetestingworldapi.com/, headers={},                     cookies={}, auth=None, timeout=None, proxies=None, verify=False,                     debug=0 </msg>
<status status="PASS" starttime="20200107 17:50:54.306" endtime="20200107 17:50:54.307"></status>
</kw>
<kw name="Create Dictionary" library="BuiltIn">
<doc>Creates and returns a dictionary based on the given ``items``.</doc>
<arguments>
<arg>first_name=${original_first_name}</arg>
<arg>middle_name=V</arg>
<arg>last_name==World date_of_birt=10/10/2001</arg>
</arguments>
<assign>
<var>&amp;{body}</var>
</assign>
<msg timestamp="20200107 17:50:54.307" level="INFO">&amp;{body} = { first_name=Hello1 | middle_name=V | last_name==World date_of_birt=10/10/2001 }</msg>
<status status="PASS" starttime="20200107 17:50:54.307" endtime="20200107 17:50:54.307"></status>
</kw>
<kw name="Create Dictionary" library="BuiltIn">
<doc>Creates and returns a dictionary based on the given ``items``.</doc>
<arguments>
<arg>Content-Type=application/json</arg>
</arguments>
<assign>
<var>${header}</var>
</assign>
<msg timestamp="20200107 17:50:54.308" level="INFO">${header} = {'Content-Type': 'application/json'}</msg>
<status status="PASS" starttime="20200107 17:50:54.307" endtime="20200107 17:50:54.308"></status>
</kw>
<kw name="Post Request" library="RequestsLibrary">
<doc>Send a POST request on the session object found using the
given `alias`</doc>
<arguments>
<arg>Get_st</arg>
<arg>api/studentsDetails</arg>
<arg>data=&amp;{body}</arg>
<arg>headers=${header}</arg>
</arguments>
<assign>
<var>${Post_Response}</var>
</assign>
<msg timestamp="20200107 17:50:54.308" level="INFO">POST Request using : uri=api/studentsDetails, params=None, files=None, allow_redirects=True, timeout=None
headers={'User-Agent': 'python-requests/2.22.0', 'Accept-Encoding': 'gzip, deflate', 'Accept': '*/*', 'Connection': 'keep-alive', 'Content-Type': 'application/json'} 
data={"first_name": "Hello1", "middle_name": "V", "last_name": "=World date_of_birt=10/10/2001"} 
json=None</msg>
<msg timestamp="20200107 17:50:54.702" level="INFO">${Post_Response} = &lt;Response [201]&gt;</msg>
<status status="PASS" starttime="20200107 17:50:54.308" endtime="20200107 17:50:54.702"></status>
</kw>
<kw name="To Json" library="RequestsLibrary">
<doc>Convert a string to a JSON object</doc>
<arguments>
<arg>${Post_Response.content}</arg>
</arguments>
<assign>
<var>${json_response}</var>
</assign>
<msg timestamp="20200107 17:50:54.703" level="INFO">To JSON using : content={"id":154071,"first_name":"Hello1","middle_name":"V","last_name":"=World date_of_birt=10/10/2001","date_of_birth":null} </msg>
<msg timestamp="20200107 17:50:54.704" level="INFO">To JSON using : pretty_print=False </msg>
<msg timestamp="20200107 17:50:54.704" level="INFO">${json_response} = {'id': 154071, 'first_name': 'Hello1', 'middle_name': 'V', 'last_name': '=World date_of_birt=10/10/2001', 'date_of_birth': None}</msg>
<status status="PASS" starttime="20200107 17:50:54.703" endtime="20200107 17:50:54.704"></status>
</kw>
<kw name="Get Value From Json" library="JSONLibrary">
<doc>Get Value From JSON using JSONPath</doc>
<arguments>
<arg>${json_response}</arg>
<arg>id</arg>
</arguments>
<assign>
<var>@{json_list}</var>
</assign>
<msg timestamp="20200107 17:50:54.733" level="INFO">@{json_list} = [ 154071 ]</msg>
<status status="PASS" starttime="20200107 17:50:54.705" endtime="20200107 17:50:54.733"></status>
</kw>
<kw name="Get From List" library="Collections">
<doc>Returns the value specified with an ``index`` from ``list``.</doc>
<arguments>
<arg>${json_list}</arg>
<arg>0</arg>
</arguments>
<assign>
<var>${id}</var>
</assign>
<msg timestamp="20200107 17:50:54.733" level="INFO">${id} = 154071</msg>
<status status="PASS" starttime="20200107 17:50:54.733" endtime="20200107 17:50:54.734"></status>
</kw>
<kw name="Create Dictionary" library="BuiltIn">
<doc>Creates and returns a dictionary based on the given ``items``.</doc>
<arguments>
<arg>id=${id}</arg>
<arg>first_name=${updated_first_name}</arg>
<arg>middle_name=V</arg>
<arg>last_name==World</arg>
<arg>date_of_birt=10/10/2001</arg>
</arguments>
<assign>
<var>&amp;{body1}</var>
</assign>
<msg timestamp="20200107 17:50:54.734" level="INFO">&amp;{body1} = { id=154071 | first_name=Testing1 | middle_name=V | last_name==World | date_of_birt=10/10/2001 }</msg>
<status status="PASS" starttime="20200107 17:50:54.734" endtime="20200107 17:50:54.734"></status>
</kw>
<kw name="Put Request" library="RequestsLibrary">
<doc>Send a PUT request on the session object found using the
given `alias`</doc>
<arguments>
<arg>Get_st</arg>
<arg>api/studentsDetails/${id}</arg>
<arg>data=&amp;{body1}</arg>
<arg>headers=${header}</arg>
</arguments>
<assign>
<var>${Put_Response}</var>
</assign>
<msg timestamp="20200107 17:50:54.735" level="INFO">PUT Request using : uri=api/studentsDetails/154071, params=None, files=None, allow_redirects=True, timeout=None
headers={'User-Agent': 'python-requests/2.22.0', 'Accept-Encoding': 'gzip, deflate', 'Accept': '*/*', 'Connection': 'keep-alive', 'Content-Type': 'application/json'} 
data={"id": 154071, "first_name": "Testing1", "middle_name": "V", "last_name": "=World", "date_of_birt": "10/10/2001"} 
json=None</msg>
<msg timestamp="20200107 17:50:54.773" level="INFO">${Put_Response} = &lt;Response [200]&gt;</msg>
<status status="PASS" starttime="20200107 17:50:54.734" endtime="20200107 17:50:54.773"></status>
</kw>
<kw name="Fetch details and validate">
<arguments>
<arg>${id}</arg>
</arguments>
<kw name="Get Request" library="RequestsLibrary">
<doc>Send a GET request on the session object found using the
given `alias`</doc>
<arguments>
<arg>Get_st</arg>
<arg>api/studentsDetails/${sid}</arg>
</arguments>
<assign>
<var>${get_Response}</var>
</assign>
<msg timestamp="20200107 17:50:54.775" level="INFO">GET Request using : uri=api/studentsDetails/154071, params=None, allow_redirects=True, timeout=None
headers={'User-Agent': 'python-requests/2.22.0', 'Accept-Encoding': 'gzip, deflate', 'Accept': '*/*', 'Connection': 'keep-alive'} 
data=None 
json=None</msg>
<msg timestamp="20200107 17:50:54.813" level="INFO">${get_Response} = &lt;Response [200]&gt;</msg>
<status status="PASS" starttime="20200107 17:50:54.775" endtime="20200107 17:50:54.813"></status>
</kw>
<kw name="To Json" library="RequestsLibrary">
<doc>Convert a string to a JSON object</doc>
<arguments>
<arg>${get_Response.content}</arg>
</arguments>
<assign>
<var>${json_get_response}</var>
</assign>
<msg timestamp="20200107 17:50:54.814" level="INFO">To JSON using : content={"status":"true","data":{"id":154071,"first_name":"Testing1","middle_name":"V","last_name":"=World","date_of_birth":null}} </msg>
<msg timestamp="20200107 17:50:54.814" level="INFO">To JSON using : pretty_print=False </msg>
<msg timestamp="20200107 17:50:54.814" level="INFO">${json_get_response} = {'status': 'true', 'data': {'id': 154071, 'first_name': 'Testing1', 'middle_name': 'V', 'last_name': '=World', 'date_of_birth': None}}</msg>
<status status="PASS" starttime="20200107 17:50:54.813" endtime="20200107 17:50:54.814"></status>
</kw>
<kw name="Get Value From Json" library="JSONLibrary">
<doc>Get Value From JSON using JSONPath</doc>
<arguments>
<arg>${json_get_response}</arg>
<arg>data.first_name</arg>
</arguments>
<assign>
<var>@{lfirst_name}</var>
</assign>
<msg timestamp="20200107 17:50:54.843" level="INFO">@{lfirst_name} = [ Testing1 ]</msg>
<status status="PASS" starttime="20200107 17:50:54.815" endtime="20200107 17:50:54.843"></status>
</kw>
<kw name="Get From List" library="Collections">
<doc>Returns the value specified with an ``index`` from ``list``.</doc>
<arguments>
<arg>${lfirst_name}</arg>
<arg>0</arg>
</arguments>
<assign>
<var>${first_name}</var>
</assign>
<msg timestamp="20200107 17:50:54.843" level="INFO">${first_name} = Testing1</msg>
<status status="PASS" starttime="20200107 17:50:54.843" endtime="20200107 17:50:54.843"></status>
</kw>
<kw name="Should Be Equal" library="BuiltIn">
<doc>Fails if the given objects are unequal.</doc>
<arguments>
<arg>${first_name}</arg>
<arg>${updated_first_name}</arg>
</arguments>
<status status="PASS" starttime="20200107 17:50:54.843" endtime="20200107 17:50:54.844"></status>
</kw>
<status status="PASS" starttime="20200107 17:50:54.774" endtime="20200107 17:50:54.844"></status>
</kw>
<kw name="Delete Request" library="RequestsLibrary">
<doc>Send a DELETE request on the session object found using the
given `alias`</doc>
<arguments>
<arg>Get_st</arg>
<arg>api/studentsDetails/${id}</arg>
</arguments>
<assign>
<var>${delete_response}</var>
</assign>
<msg timestamp="20200107 17:50:54.844" level="INFO">DELETE Request using : uri=api/studentsDetails/154071, params=None, allow_redirects=True, timeout=None
headers={'User-Agent': 'python-requests/2.22.0', 'Accept-Encoding': 'gzip, deflate', 'Accept': '*/*', 'Connection': 'keep-alive'} 
data=None 
json=None</msg>
<msg timestamp="20200107 17:50:54.894" level="INFO">${delete_response} = &lt;Response [200]&gt;</msg>
<status status="PASS" starttime="20200107 17:50:54.844" endtime="20200107 17:50:54.895"></status>
</kw>
<kw name="To Json" library="RequestsLibrary">
<doc>Convert a string to a JSON object</doc>
<arguments>
<arg>${delete_response.content}</arg>
</arguments>
<assign>
<var>${json_delete}</var>
</assign>
<msg timestamp="20200107 17:50:54.896" level="INFO">To JSON using : content={"status":"true","msg":"Delete  data success"} </msg>
<msg timestamp="20200107 17:50:54.896" level="INFO">To JSON using : pretty_print=False </msg>
<msg timestamp="20200107 17:50:54.896" level="INFO">${json_delete} = {'status': 'true', 'msg': 'Delete  data success'}</msg>
<status status="PASS" starttime="20200107 17:50:54.895" endtime="20200107 17:50:54.896"></status>
</kw>
<kw name="Get Value From Json" library="JSONLibrary">
<doc>Get Value From JSON using JSONPath</doc>
<arguments>
<arg>${json_delete}</arg>
<arg>status</arg>
</arguments>
<assign>
<var>@{Message}</var>
</assign>
<msg timestamp="20200107 17:50:54.926" level="INFO">@{Message} = [ true ]</msg>
<status status="PASS" starttime="20200107 17:50:54.896" endtime="20200107 17:50:54.926"></status>
</kw>
<kw name="Get From List" library="Collections">
<doc>Returns the value specified with an ``index`` from ``list``.</doc>
<arguments>
<arg>${Message}</arg>
<arg>0</arg>
</arguments>
<assign>
<var>${statusM}</var>
</assign>
<msg timestamp="20200107 17:50:54.926" level="INFO">${statusM} = true</msg>
<status status="PASS" starttime="20200107 17:50:54.926" endtime="20200107 17:50:54.926"></status>
</kw>
<kw name="Should Be Equal" library="BuiltIn">
<doc>Fails if the given objects are unequal.</doc>
<arguments>
<arg>${statusM}</arg>
<arg>true</arg>
</arguments>
<status status="PASS" starttime="20200107 17:50:54.926" endtime="20200107 17:50:54.927"></status>
</kw>
<status status="PASS" starttime="20200107 17:50:54.305" endtime="20200107 17:50:54.927" critical="yes"></status>
</test>
<status status="PASS" starttime="20200107 17:50:54.300" endtime="20200107 17:50:54.927"></status>
</suite>
<suite id="s1-s11" name="TC 010 Keywords in Resource" source="/home/shivampathak/PycharmProjects/RobotFramework/Testcases/TC_010_Keywords_in_Resource.robot">
<test id="s1-s11-t1" name="TC_001 Get Request">
<kw name="Create Session" library="RequestsLibrary">
<doc>Create Session: create a HTTP session to a server</doc>
<arguments>
<arg>Get_st</arg>
<arg>${Base_URL}</arg>
</arguments>
<msg timestamp="20200107 17:50:54.936" level="INFO">Creating Session using : alias=Get_st, url=http://thetestingworldapi.com/, headers={},                     cookies={}, auth=None, timeout=None, proxies=None, verify=False,                     debug=0 </msg>
<status status="PASS" starttime="20200107 17:50:54.936" endtime="20200107 17:50:54.936"></status>
</kw>
<kw name="Create Dictionary" library="BuiltIn">
<doc>Creates and returns a dictionary based on the given ``items``.</doc>
<arguments>
<arg>first_name=${original_first_name}</arg>
<arg>middle_name=V</arg>
<arg>last_name==World date_of_birt=10/10/2001</arg>
</arguments>
<assign>
<var>&amp;{body}</var>
</assign>
<msg timestamp="20200107 17:50:54.937" level="INFO">&amp;{body} = { first_name=Hello1 | middle_name=V | last_name==World date_of_birt=10/10/2001 }</msg>
<status status="PASS" starttime="20200107 17:50:54.936" endtime="20200107 17:50:54.937"></status>
</kw>
<kw name="Create Dictionary" library="BuiltIn">
<doc>Creates and returns a dictionary based on the given ``items``.</doc>
<arguments>
<arg>Content-Type=application/json</arg>
</arguments>
<assign>
<var>${header}</var>
</assign>
<msg timestamp="20200107 17:50:54.937" level="INFO">${header} = {'Content-Type': 'application/json'}</msg>
<status status="PASS" starttime="20200107 17:50:54.937" endtime="20200107 17:50:54.937"></status>
</kw>
<kw name="Post Request" library="RequestsLibrary">
<doc>Send a POST request on the session object found using the
given `alias`</doc>
<arguments>
<arg>Get_st</arg>
<arg>api/studentsDetails</arg>
<arg>data=&amp;{body}</arg>
<arg>headers=${header}</arg>
</arguments>
<assign>
<var>${Post_Response}</var>
</assign>
<msg timestamp="20200107 17:50:54.938" level="INFO">POST Request using : uri=api/studentsDetails, params=None, files=None, allow_redirects=True, timeout=None
headers={'User-Agent': 'python-requests/2.22.0', 'Accept-Encoding': 'gzip, deflate', 'Accept': '*/*', 'Connection': 'keep-alive', 'Content-Type': 'application/json'} 
data={"first_name": "Hello1", "middle_name": "V", "last_name": "=World date_of_birt=10/10/2001"} 
json=None</msg>
<msg timestamp="20200107 17:50:55.011" level="INFO">${Post_Response} = &lt;Response [201]&gt;</msg>
<status status="PASS" starttime="20200107 17:50:54.938" endtime="20200107 17:50:55.011"></status>
</kw>
<kw name="To Json" library="RequestsLibrary">
<doc>Convert a string to a JSON object</doc>
<arguments>
<arg>${Post_Response.content}</arg>
</arguments>
<assign>
<var>${json_response}</var>
</assign>
<msg timestamp="20200107 17:50:55.013" level="INFO">To JSON using : content={"id":154072,"first_name":"Hello1","middle_name":"V","last_name":"=World date_of_birt=10/10/2001","date_of_birth":null} </msg>
<msg timestamp="20200107 17:50:55.013" level="INFO">To JSON using : pretty_print=False </msg>
<msg timestamp="20200107 17:50:55.013" level="INFO">${json_response} = {'id': 154072, 'first_name': 'Hello1', 'middle_name': 'V', 'last_name': '=World date_of_birt=10/10/2001', 'date_of_birth': None}</msg>
<status status="PASS" starttime="20200107 17:50:55.012" endtime="20200107 17:50:55.013"></status>
</kw>
<kw name="Get Value From Json" library="JSONLibrary">
<doc>Get Value From JSON using JSONPath</doc>
<arguments>
<arg>${json_response}</arg>
<arg>id</arg>
</arguments>
<assign>
<var>@{json_list}</var>
</assign>
<msg timestamp="20200107 17:50:55.046" level="INFO">@{json_list} = [ 154072 ]</msg>
<status status="PASS" starttime="20200107 17:50:55.014" endtime="20200107 17:50:55.046"></status>
</kw>
<kw name="Get From List" library="Collections">
<doc>Returns the value specified with an ``index`` from ``list``.</doc>
<arguments>
<arg>${json_list}</arg>
<arg>0</arg>
</arguments>
<assign>
<var>${id}</var>
</assign>
<msg timestamp="20200107 17:50:55.046" level="INFO">${id} = 154072</msg>
<status status="PASS" starttime="20200107 17:50:55.046" endtime="20200107 17:50:55.046"></status>
</kw>
<kw name="Create Dictionary" library="BuiltIn">
<doc>Creates and returns a dictionary based on the given ``items``.</doc>
<arguments>
<arg>id=${id}</arg>
<arg>first_name=${updated_first_name}</arg>
<arg>middle_name=V</arg>
<arg>last_name==World</arg>
<arg>date_of_birt=10/10/2001</arg>
</arguments>
<assign>
<var>&amp;{body1}</var>
</assign>
<msg timestamp="20200107 17:50:55.047" level="INFO">&amp;{body1} = { id=154072 | first_name=Testing1 | middle_name=V | last_name==World | date_of_birt=10/10/2001 }</msg>
<status status="PASS" starttime="20200107 17:50:55.047" endtime="20200107 17:50:55.047"></status>
</kw>
<kw name="Put Request" library="RequestsLibrary">
<doc>Send a PUT request on the session object found using the
given `alias`</doc>
<arguments>
<arg>Get_st</arg>
<arg>api/studentsDetails/${id}</arg>
<arg>data=&amp;{body1}</arg>
<arg>headers=${header}</arg>
</arguments>
<assign>
<var>${Put_Response}</var>
</assign>
<msg timestamp="20200107 17:50:55.048" level="INFO">PUT Request using : uri=api/studentsDetails/154072, params=None, files=None, allow_redirects=True, timeout=None
headers={'User-Agent': 'python-requests/2.22.0', 'Accept-Encoding': 'gzip, deflate', 'Accept': '*/*', 'Connection': 'keep-alive', 'Content-Type': 'application/json'} 
data={"id": 154072, "first_name": "Testing1", "middle_name": "V", "last_name": "=World", "date_of_birt": "10/10/2001"} 
json=None</msg>
<msg timestamp="20200107 17:50:55.078" level="INFO">${Put_Response} = &lt;Response [200]&gt;</msg>
<status status="PASS" starttime="20200107 17:50:55.047" endtime="20200107 17:50:55.078"></status>
</kw>
<kw name="Fetch details and validate" library="UserKeywords">
<arguments>
<arg>${id}</arg>
</arguments>
<kw name="Create Session" library="RequestsLibrary">
<doc>Create Session: create a HTTP session to a server</doc>
<arguments>
<arg>Get_st</arg>
<arg>${Base_URL}</arg>
</arguments>
<msg timestamp="20200107 17:50:55.079" level="INFO">Creating Session using : alias=Get_st, url=http://thetestingworldapi.com/, headers={},                     cookies={}, auth=None, timeout=None, proxies=None, verify=False,                     debug=0 </msg>
<status status="PASS" starttime="20200107 17:50:55.078" endtime="20200107 17:50:55.079"></status>
</kw>
<kw name="Get Request" library="RequestsLibrary">
<doc>Send a GET request on the session object found using the
given `alias`</doc>
<arguments>
<arg>Get_st</arg>
<arg>api/studentsDetails/${sid}</arg>
</arguments>
<assign>
<var>${get_Response}</var>
</assign>
<msg timestamp="20200107 17:50:55.079" level="INFO">GET Request using : uri=api/studentsDetails/154072, params=None, allow_redirects=True, timeout=None
headers={'User-Agent': 'python-requests/2.22.0', 'Accept-Encoding': 'gzip, deflate', 'Accept': '*/*', 'Connection': 'keep-alive'} 
data=None 
json=None</msg>
<msg timestamp="20200107 17:50:55.147" level="INFO">${get_Response} = &lt;Response [200]&gt;</msg>
<status status="PASS" starttime="20200107 17:50:55.079" endtime="20200107 17:50:55.147"></status>
</kw>
<kw name="To Json" library="RequestsLibrary">
<doc>Convert a string to a JSON object</doc>
<arguments>
<arg>${get_Response.content}</arg>
</arguments>
<assign>
<var>${json_get_response}</var>
</assign>
<msg timestamp="20200107 17:50:55.149" level="INFO">To JSON using : content={"status":"true","data":{"id":154072,"first_name":"Testing1","middle_name":"V","last_name":"=World","date_of_birth":null}} </msg>
<msg timestamp="20200107 17:50:55.149" level="INFO">To JSON using : pretty_print=False </msg>
<msg timestamp="20200107 17:50:55.149" level="INFO">${json_get_response} = {'status': 'true', 'data': {'id': 154072, 'first_name': 'Testing1', 'middle_name': 'V', 'last_name': '=World', 'date_of_birth': None}}</msg>
<status status="PASS" starttime="20200107 17:50:55.148" endtime="20200107 17:50:55.149"></status>
</kw>
<kw name="Get Value From Json" library="JSONLibrary">
<doc>Get Value From JSON using JSONPath</doc>
<arguments>
<arg>${json_get_response}</arg>
<arg>data.first_name</arg>
</arguments>
<assign>
<var>@{lfirst_name}</var>
</assign>
<msg timestamp="20200107 17:50:55.179" level="INFO">@{lfirst_name} = [ Testing1 ]</msg>
<status status="PASS" starttime="20200107 17:50:55.150" endtime="20200107 17:50:55.179"></status>
</kw>
<kw name="Get From List" library="Collections">
<doc>Returns the value specified with an ``index`` from ``list``.</doc>
<arguments>
<arg>${lfirst_name}</arg>
<arg>0</arg>
</arguments>
<assign>
<var>${first_name}</var>
</assign>
<msg timestamp="20200107 17:50:55.180" level="INFO">${first_name} = Testing1</msg>
<status status="PASS" starttime="20200107 17:50:55.179" endtime="20200107 17:50:55.180"></status>
</kw>
<kw name="Should Be Equal" library="BuiltIn">
<doc>Fails if the given objects are unequal.</doc>
<arguments>
<arg>${first_name}</arg>
<arg>${updated_first_name}</arg>
</arguments>
<status status="PASS" starttime="20200107 17:50:55.180" endtime="20200107 17:50:55.180"></status>
</kw>
<status status="PASS" starttime="20200107 17:50:55.078" endtime="20200107 17:50:55.180"></status>
</kw>
<kw name="Delete Request" library="RequestsLibrary">
<doc>Send a DELETE request on the session object found using the
given `alias`</doc>
<arguments>
<arg>Get_st</arg>
<arg>api/studentsDetails/${id}</arg>
</arguments>
<assign>
<var>${delete_response}</var>
</assign>
<msg timestamp="20200107 17:50:55.181" level="INFO">DELETE Request using : uri=api/studentsDetails/154072, params=None, allow_redirects=True, timeout=None
headers={'User-Agent': 'python-requests/2.22.0', 'Accept-Encoding': 'gzip, deflate', 'Accept': '*/*', 'Connection': 'keep-alive'} 
data=None 
json=None</msg>
<msg timestamp="20200107 17:50:55.216" level="INFO">${delete_response} = &lt;Response [200]&gt;</msg>
<status status="PASS" starttime="20200107 17:50:55.180" endtime="20200107 17:50:55.216"></status>
</kw>
<kw name="To Json" library="RequestsLibrary">
<doc>Convert a string to a JSON object</doc>
<arguments>
<arg>${delete_response.content}</arg>
</arguments>
<assign>
<var>${json_delete}</var>
</assign>
<msg timestamp="20200107 17:50:55.216" level="INFO">To JSON using : content={"status":"true","msg":"Delete  data success"} </msg>
<msg timestamp="20200107 17:50:55.216" level="INFO">To JSON using : pretty_print=False </msg>
<msg timestamp="20200107 17:50:55.217" level="INFO">${json_delete} = {'status': 'true', 'msg': 'Delete  data success'}</msg>
<status status="PASS" starttime="20200107 17:50:55.216" endtime="20200107 17:50:55.217"></status>
</kw>
<kw name="Get Value From Json" library="JSONLibrary">
<doc>Get Value From JSON using JSONPath</doc>
<arguments>
<arg>${json_delete}</arg>
<arg>status</arg>
</arguments>
<assign>
<var>@{Message}</var>
</assign>
<msg timestamp="20200107 17:50:55.246" level="INFO">@{Message} = [ true ]</msg>
<status status="PASS" starttime="20200107 17:50:55.217" endtime="20200107 17:50:55.247"></status>
</kw>
<kw name="Get From List" library="Collections">
<doc>Returns the value specified with an ``index`` from ``list``.</doc>
<arguments>
<arg>${Message}</arg>
<arg>0</arg>
</arguments>
<assign>
<var>${statusM}</var>
</assign>
<msg timestamp="20200107 17:50:55.247" level="INFO">${statusM} = true</msg>
<status status="PASS" starttime="20200107 17:50:55.247" endtime="20200107 17:50:55.247"></status>
</kw>
<kw name="Should Be Equal" library="BuiltIn">
<doc>Fails if the given objects are unequal.</doc>
<arguments>
<arg>${statusM}</arg>
<arg>true</arg>
</arguments>
<status status="PASS" starttime="20200107 17:50:55.248" endtime="20200107 17:50:55.248"></status>
</kw>
<status status="PASS" starttime="20200107 17:50:54.935" endtime="20200107 17:50:55.248" critical="yes"></status>
</test>
<status status="PASS" starttime="20200107 17:50:54.928" endtime="20200107 17:50:55.249"></status>
</suite>
<suite id="s1-s12" name="TC 011 post read json" source="/home/shivampathak/PycharmProjects/RobotFramework/Testcases/TC_011_post_read_json.robot">
<test id="s1-s12-t1" name="TC_001 Get Request">
<kw name="Create Session" library="RequestsLibrary">
<doc>Create Session: create a HTTP session to a server</doc>
<arguments>
<arg>Get_st</arg>
<arg>${Base_URL}</arg>
</arguments>
<msg timestamp="20200107 17:50:55.256" level="INFO">Creating Session using : alias=Get_st, url=http://thetestingworldapi.com/, headers={},                     cookies={}, auth=None, timeout=None, proxies=None, verify=False,                     debug=0 </msg>
<status status="PASS" starttime="20200107 17:50:55.255" endtime="20200107 17:50:55.256"></status>
</kw>
<kw name="Create Dictionary" library="BuiltIn">
<doc>Creates and returns a dictionary based on the given ``items``.</doc>
<arguments>
<arg>Content-Type=application/json</arg>
</arguments>
<assign>
<var>${header}</var>
</assign>
<msg timestamp="20200107 17:50:55.256" level="INFO">${header} = {'Content-Type': 'application/json'}</msg>
<status status="PASS" starttime="20200107 17:50:55.256" endtime="20200107 17:50:55.256"></status>
</kw>
<kw name="Fetch read Content" library="UserKeywords">
<assign>
<var>${jsonresponse}</var>
</assign>
<kw name="Read File Content1" library="ReadContent">
<assign>
<var>${jsonbody}</var>
</assign>
<msg timestamp="20200107 17:50:55.257" level="INFO">${jsonbody} = {'first_name': 'Shivam', 'middle_name': 'Nath', 'last_name': 'Pathak', 'date_of_birth': '18/09/1994'}</msg>
<status status="PASS" starttime="20200107 17:50:55.257" endtime="20200107 17:50:55.257"></status>
</kw>
<msg timestamp="20200107 17:50:55.257" level="INFO">${jsonresponse} = {'first_name': 'Shivam', 'middle_name': 'Nath', 'last_name': 'Pathak', 'date_of_birth': '18/09/1994'}</msg>
<status status="PASS" starttime="20200107 17:50:55.257" endtime="20200107 17:50:55.257"></status>
</kw>
<kw name="Post Request" library="RequestsLibrary">
<doc>Send a POST request on the session object found using the
given `alias`</doc>
<arguments>
<arg>Get_st</arg>
<arg>api/studentsDetails</arg>
<arg>data=${jsonresponse}</arg>
<arg>headers=${header}</arg>
</arguments>
<assign>
<var>${Post_Response}</var>
</assign>
<msg timestamp="20200107 17:50:55.258" level="INFO">POST Request using : uri=api/studentsDetails, params=None, files=None, allow_redirects=True, timeout=None
headers={'User-Agent': 'python-requests/2.22.0', 'Accept-Encoding': 'gzip, deflate', 'Accept': '*/*', 'Connection': 'keep-alive', 'Content-Type': 'application/json'} 
data={"first_name": "Shivam", "middle_name": "Nath", "last_name": "Pathak", "date_of_birth": "18/09/1994"} 
json=None</msg>
<msg timestamp="20200107 17:50:55.348" level="INFO">${Post_Response} = &lt;Response [201]&gt;</msg>
<status status="PASS" starttime="20200107 17:50:55.258" endtime="20200107 17:50:55.349"></status>
</kw>
<kw name="Convert To String" library="BuiltIn">
<doc>Converts the given item to a Unicode string.</doc>
<arguments>
<arg>${Post_Response.status_code}</arg>
</arguments>
<assign>
<var>${code}</var>
</assign>
<msg timestamp="20200107 17:50:55.350" level="INFO">${code} = 201</msg>
<status status="PASS" starttime="20200107 17:50:55.349" endtime="20200107 17:50:55.351"></status>
</kw>
<kw name="Should Be Equal" library="BuiltIn">
<doc>Fails if the given objects are unequal.</doc>
<arguments>
<arg>${code}</arg>
<arg>201</arg>
</arguments>
<status status="PASS" starttime="20200107 17:50:55.351" endtime="20200107 17:50:55.352"></status>
</kw>
<status status="PASS" starttime="20200107 17:50:55.255" endtime="20200107 17:50:55.352" critical="yes"></status>
</test>
<status status="PASS" starttime="20200107 17:50:55.250" endtime="20200107 17:50:55.353"></status>
</suite>
<status status="FAIL" starttime="20200107 17:50:52.009" endtime="20200107 17:50:55.357"></status>
</suite>
<statistics>
<total>
<stat pass="9" fail="3">Critical Tests</stat>
<stat pass="9" fail="3">All Tests</stat>
</total>
<tag>
</tag>
<suite>
<stat pass="9" fail="3" id="s1" name="Testcases">Testcases</stat>
<stat pass="0" fail="1" id="s1-s1" name="TC 001 Get Request">Testcases.TC 001 Get Request</stat>
<stat pass="0" fail="1" id="s1-s2" name="TC 001 start close">Testcases.TC 001 start close</stat>
<stat pass="0" fail="1" id="s1-s3" name="TC 002 Validate Content">Testcases.TC 002 Validate Content</stat>
<stat pass="1" fail="0" id="s1-s4" name="TC 003 Get Parameters">Testcases.TC 003 Get Parameters</stat>
<stat pass="1" fail="0" id="s1-s5" name="TC 004 Delete Request">Testcases.TC 004 Delete Request</stat>
<stat pass="1" fail="0" id="s1-s6" name="TC 005 Post Request">Testcases.TC 005 Post Request</stat>
<stat pass="1" fail="0" id="s1-s7" name="TC 006 Put Request">Testcases.TC 006 Put Request</stat>
<stat pass="1" fail="0" id="s1-s8" name="TC 007 request chaining">Testcases.TC 007 request chaining</stat>
<stat pass="1" fail="0" id="s1-s9" name="TC 008 request chaining">Testcases.TC 008 request chaining</stat>
<stat pass="1" fail="0" id="s1-s10" name="TC 009 user keywords">Testcases.TC 009 user keywords</stat>
<stat pass="1" fail="0" id="s1-s11" name="TC 010 Keywords in Resource">Testcases.TC 010 Keywords in Resource</stat>
<stat pass="1" fail="0" id="s1-s12" name="TC 011 post read json">Testcases.TC 011 post read json</stat>
</suite>
</statistics>
<errors>
</errors>
</robot>
