<?xml version="1.0" encoding="UTF-8"?>
<robot generator="Robot 3.1.2 (Python 3.7.5 on linux)" generated="20200108 09:44:10.487" rpa="false">
<suite id="s1" name="TC 010 Keywords in Resource" source="/home/shivampathak/PycharmProjects/RobotFramework/Testcases/TC_010_Keywords_in_Resource.robot">
<test id="s1-t1" name="TC_001 Get Request">
<kw name="Welcome Statement" library="UserKeywords" type="setup">
<doc>Welcome here</doc>
<kw name="Log To Console" library="BuiltIn">
<doc>Logs the given message to the console.</doc>
<arguments>
<arg>Starting of Testcases</arg>
</arguments>
<status status="PASS" starttime="20200108 09:44:10.914" endtime="20200108 09:44:10.915"></status>
</kw>
<status status="PASS" starttime="20200108 09:44:10.914" endtime="20200108 09:44:10.915"></status>
</kw>
<kw name="Create Session" library="RequestsLibrary">
<doc>Create Session: create a HTTP session to a server</doc>
<arguments>
<arg>Get_st</arg>
<arg>${Base_URL}</arg>
</arguments>
<msg timestamp="20200108 09:44:10.915" level="INFO">Creating Session using : alias=Get_st, url=http://thetestingworldapi.com/, headers={},                     cookies={}, auth=None, timeout=None, proxies=None, verify=False,                     debug=0 </msg>
<status status="PASS" starttime="20200108 09:44:10.915" endtime="20200108 09:44:10.916"></status>
</kw>
<kw name="Create Dictionary" library="BuiltIn">
<doc>Creates and returns a dictionary based on the given ``items``.</doc>
<arguments>
<arg>first_name=${original_first_name}</arg>
<arg>middle_name=V</arg>
<arg>last_name==World date_of_birt=10/10/2001</arg>
</arguments>
<assign>
<var>&amp;{body}</var>
</assign>
<msg timestamp="20200108 09:44:10.916" level="INFO">&amp;{body} = { first_name=Hello1 | middle_name=V | last_name==World date_of_birt=10/10/2001 }</msg>
<status status="PASS" starttime="20200108 09:44:10.916" endtime="20200108 09:44:10.916"></status>
</kw>
<kw name="Create Dictionary" library="BuiltIn">
<doc>Creates and returns a dictionary based on the given ``items``.</doc>
<arguments>
<arg>Content-Type=application/json</arg>
</arguments>
<assign>
<var>${header}</var>
</assign>
<msg timestamp="20200108 09:44:10.917" level="INFO">${header} = {'Content-Type': 'application/json'}</msg>
<status status="PASS" starttime="20200108 09:44:10.917" endtime="20200108 09:44:10.917"></status>
</kw>
<kw name="Post Request" library="RequestsLibrary">
<doc>Send a POST request on the session object found using the
given `alias`</doc>
<arguments>
<arg>Get_st</arg>
<arg>api/studentsDetails</arg>
<arg>data=&amp;{body}</arg>
<arg>headers=${header}</arg>
</arguments>
<assign>
<var>${Post_Response}</var>
</assign>
<msg timestamp="20200108 09:44:10.918" level="INFO">POST Request using : uri=api/studentsDetails, params=None, files=None, allow_redirects=True, timeout=None
headers={'User-Agent': 'python-requests/2.22.0', 'Accept-Encoding': 'gzip, deflate', 'Accept': '*/*', 'Connection': 'keep-alive', 'Content-Type': 'application/json'} 
data={"first_name": "Hello1", "middle_name": "V", "last_name": "=World date_of_birt=10/10/2001"} 
json=None</msg>
<msg timestamp="20200108 09:44:12.298" level="INFO">${Post_Response} = &lt;Response [201]&gt;</msg>
<status status="PASS" starttime="20200108 09:44:10.917" endtime="20200108 09:44:12.298"></status>
</kw>
<kw name="To Json" library="RequestsLibrary">
<doc>Convert a string to a JSON object</doc>
<arguments>
<arg>${Post_Response.content}</arg>
</arguments>
<assign>
<var>${json_response}</var>
</assign>
<msg timestamp="20200108 09:44:12.299" level="INFO">To JSON using : content={"id":154104,"first_name":"Hello1","middle_name":"V","last_name":"=World date_of_birt=10/10/2001","date_of_birth":null} </msg>
<msg timestamp="20200108 09:44:12.299" level="INFO">To JSON using : pretty_print=False </msg>
<msg timestamp="20200108 09:44:12.300" level="INFO">${json_response} = {'id': 154104, 'first_name': 'Hello1', 'middle_name': 'V', 'last_name': '=World date_of_birt=10/10/2001', 'date_of_birth': None}</msg>
<status status="PASS" starttime="20200108 09:44:12.299" endtime="20200108 09:44:12.300"></status>
</kw>
<kw name="Get Value From Json" library="JSONLibrary">
<doc>Get Value From JSON using JSONPath</doc>
<arguments>
<arg>${json_response}</arg>
<arg>id</arg>
</arguments>
<assign>
<var>@{json_list}</var>
</assign>
<msg timestamp="20200108 09:44:12.339" level="INFO">@{json_list} = [ 154104 ]</msg>
<status status="PASS" starttime="20200108 09:44:12.301" endtime="20200108 09:44:12.339"></status>
</kw>
<kw name="Get From List" library="Collections">
<doc>Returns the value specified with an ``index`` from ``list``.</doc>
<arguments>
<arg>${json_list}</arg>
<arg>0</arg>
</arguments>
<assign>
<var>${id}</var>
</assign>
<msg timestamp="20200108 09:44:12.340" level="INFO">${id} = 154104</msg>
<status status="PASS" starttime="20200108 09:44:12.340" endtime="20200108 09:44:12.340"></status>
</kw>
<kw name="Create Dictionary" library="BuiltIn">
<doc>Creates and returns a dictionary based on the given ``items``.</doc>
<arguments>
<arg>id=${id}</arg>
<arg>first_name=${updated_first_name}</arg>
<arg>middle_name=V</arg>
<arg>last_name==World</arg>
<arg>date_of_birt=10/10/2001</arg>
</arguments>
<assign>
<var>&amp;{body1}</var>
</assign>
<msg timestamp="20200108 09:44:12.341" level="INFO">&amp;{body1} = { id=154104 | first_name=Testing1 | middle_name=V | last_name==World | date_of_birt=10/10/2001 }</msg>
<status status="PASS" starttime="20200108 09:44:12.341" endtime="20200108 09:44:12.341"></status>
</kw>
<kw name="Put Request" library="RequestsLibrary">
<doc>Send a PUT request on the session object found using the
given `alias`</doc>
<arguments>
<arg>Get_st</arg>
<arg>api/studentsDetails/${id}</arg>
<arg>data=&amp;{body1}</arg>
<arg>headers=${header}</arg>
</arguments>
<assign>
<var>${Put_Response}</var>
</assign>
<msg timestamp="20200108 09:44:12.342" level="INFO">PUT Request using : uri=api/studentsDetails/154104, params=None, files=None, allow_redirects=True, timeout=None
headers={'User-Agent': 'python-requests/2.22.0', 'Accept-Encoding': 'gzip, deflate', 'Accept': '*/*', 'Connection': 'keep-alive', 'Content-Type': 'application/json'} 
data={"id": 154104, "first_name": "Testing1", "middle_name": "V", "last_name": "=World", "date_of_birt": "10/10/2001"} 
json=None</msg>
<msg timestamp="20200108 09:44:12.385" level="INFO">${Put_Response} = &lt;Response [200]&gt;</msg>
<status status="PASS" starttime="20200108 09:44:12.342" endtime="20200108 09:44:12.385"></status>
</kw>
<kw name="Fetch details and validate" library="UserKeywords">
<doc>This is in keyword</doc>
<arguments>
<arg>${id}</arg>
</arguments>
<kw name="Create Session" library="RequestsLibrary">
<doc>Create Session: create a HTTP session to a server</doc>
<arguments>
<arg>Get_st</arg>
<arg>${Base_URL}</arg>
</arguments>
<msg timestamp="20200108 09:44:12.389" level="INFO">Creating Session using : alias=Get_st, url=http://thetestingworldapi.com/, headers={},                     cookies={}, auth=None, timeout=None, proxies=None, verify=False,                     debug=0 </msg>
<status status="PASS" starttime="20200108 09:44:12.388" endtime="20200108 09:44:12.390"></status>
</kw>
<kw name="Get Request" library="RequestsLibrary">
<doc>Send a GET request on the session object found using the
given `alias`</doc>
<arguments>
<arg>Get_st</arg>
<arg>api/studentsDetails/${sid}</arg>
</arguments>
<assign>
<var>${get_Response}</var>
</assign>
<msg timestamp="20200108 09:44:12.391" level="INFO">GET Request using : uri=api/studentsDetails/154104, params=None, allow_redirects=True, timeout=None
headers={'User-Agent': 'python-requests/2.22.0', 'Accept-Encoding': 'gzip, deflate', 'Accept': '*/*', 'Connection': 'keep-alive'} 
data=None 
json=None</msg>
<msg timestamp="20200108 09:44:12.518" level="INFO">${get_Response} = &lt;Response [200]&gt;</msg>
<status status="PASS" starttime="20200108 09:44:12.390" endtime="20200108 09:44:12.519"></status>
</kw>
<kw name="To Json" library="RequestsLibrary">
<doc>Convert a string to a JSON object</doc>
<arguments>
<arg>${get_Response.content}</arg>
</arguments>
<assign>
<var>${json_get_response}</var>
</assign>
<msg timestamp="20200108 09:44:12.520" level="INFO">To JSON using : content={"status":"true","data":{"id":154104,"first_name":"Testing1","middle_name":"V","last_name":"=World","date_of_birth":null}} </msg>
<msg timestamp="20200108 09:44:12.520" level="INFO">To JSON using : pretty_print=False </msg>
<msg timestamp="20200108 09:44:12.522" level="INFO">${json_get_response} = {'status': 'true', 'data': {'id': 154104, 'first_name': 'Testing1', 'middle_name': 'V', 'last_name': '=World', 'date_of_birth': None}}</msg>
<status status="PASS" starttime="20200108 09:44:12.519" endtime="20200108 09:44:12.523"></status>
</kw>
<kw name="Get Value From Json" library="JSONLibrary">
<doc>Get Value From JSON using JSONPath</doc>
<arguments>
<arg>${json_get_response}</arg>
<arg>data.first_name</arg>
</arguments>
<assign>
<var>@{lfirst_name}</var>
</assign>
<msg timestamp="20200108 09:44:12.549" level="INFO">@{lfirst_name} = [ Testing1 ]</msg>
<status status="PASS" starttime="20200108 09:44:12.523" endtime="20200108 09:44:12.549"></status>
</kw>
<kw name="Get From List" library="Collections">
<doc>Returns the value specified with an ``index`` from ``list``.</doc>
<arguments>
<arg>${lfirst_name}</arg>
<arg>0</arg>
</arguments>
<assign>
<var>${first_name}</var>
</assign>
<msg timestamp="20200108 09:44:12.551" level="INFO">${first_name} = Testing1</msg>
<status status="PASS" starttime="20200108 09:44:12.550" endtime="20200108 09:44:12.551"></status>
</kw>
<kw name="Should Be Equal" library="BuiltIn">
<doc>Fails if the given objects are unequal.</doc>
<arguments>
<arg>${first_name}</arg>
<arg>${updated_first_name}</arg>
</arguments>
<status status="PASS" starttime="20200108 09:44:12.552" endtime="20200108 09:44:12.552"></status>
</kw>
<timeout value="2 seconds"></timeout>
<status status="PASS" starttime="20200108 09:44:12.386" endtime="20200108 09:44:12.552"></status>
</kw>
<kw name="Delete Request" library="RequestsLibrary">
<doc>Send a DELETE request on the session object found using the
given `alias`</doc>
<arguments>
<arg>Get_st</arg>
<arg>api/studentsDetails/${id}</arg>
</arguments>
<assign>
<var>${delete_response}</var>
</assign>
<msg timestamp="20200108 09:44:12.554" level="INFO">DELETE Request using : uri=api/studentsDetails/154104, params=None, allow_redirects=True, timeout=None
headers={'User-Agent': 'python-requests/2.22.0', 'Accept-Encoding': 'gzip, deflate', 'Accept': '*/*', 'Connection': 'keep-alive'} 
data=None 
json=None</msg>
<msg timestamp="20200108 09:44:12.590" level="INFO">${delete_response} = &lt;Response [200]&gt;</msg>
<status status="PASS" starttime="20200108 09:44:12.553" endtime="20200108 09:44:12.591"></status>
</kw>
<kw name="To Json" library="RequestsLibrary">
<doc>Convert a string to a JSON object</doc>
<arguments>
<arg>${delete_response.content}</arg>
</arguments>
<assign>
<var>${json_delete}</var>
</assign>
<msg timestamp="20200108 09:44:12.592" level="INFO">To JSON using : content={"status":"true","msg":"Delete  data success"} </msg>
<msg timestamp="20200108 09:44:12.592" level="INFO">To JSON using : pretty_print=False </msg>
<msg timestamp="20200108 09:44:12.592" level="INFO">${json_delete} = {'status': 'true', 'msg': 'Delete  data success'}</msg>
<status status="PASS" starttime="20200108 09:44:12.591" endtime="20200108 09:44:12.592"></status>
</kw>
<kw name="Get Value From Json" library="JSONLibrary">
<doc>Get Value From JSON using JSONPath</doc>
<arguments>
<arg>${json_delete}</arg>
<arg>status</arg>
</arguments>
<assign>
<var>@{Message}</var>
</assign>
<msg timestamp="20200108 09:44:12.626" level="INFO">@{Message} = [ true ]</msg>
<status status="PASS" starttime="20200108 09:44:12.592" endtime="20200108 09:44:12.626"></status>
</kw>
<kw name="Get From List" library="Collections">
<doc>Returns the value specified with an ``index`` from ``list``.</doc>
<arguments>
<arg>${Message}</arg>
<arg>0</arg>
</arguments>
<assign>
<var>${statusM}</var>
</assign>
<msg timestamp="20200108 09:44:12.627" level="INFO">${statusM} = true</msg>
<status status="PASS" starttime="20200108 09:44:12.627" endtime="20200108 09:44:12.627"></status>
</kw>
<kw name="Should Be Equal" library="BuiltIn">
<doc>Fails if the given objects are unequal.</doc>
<arguments>
<arg>${statusM}</arg>
<arg>true</arg>
</arguments>
<status status="PASS" starttime="20200108 09:44:12.627" endtime="20200108 09:44:12.628"></status>
</kw>
<kw name="End Here" library="UserKeywords" type="teardown">
<doc>Ended here</doc>
<kw name="Log To Console" library="BuiltIn">
<doc>Logs the given message to the console.</doc>
<arguments>
<arg>Testcases end here</arg>
</arguments>
<status status="PASS" starttime="20200108 09:44:12.628" endtime="20200108 09:44:12.629"></status>
</kw>
<status status="PASS" starttime="20200108 09:44:12.628" endtime="20200108 09:44:12.629"></status>
</kw>
<doc>This is in Testcase</doc>
<timeout value="2 seconds"></timeout>
<status status="PASS" starttime="20200108 09:44:10.913" endtime="20200108 09:44:12.629" critical="yes"></status>
</test>
<doc>This is in Suite Level</doc>
<status status="PASS" starttime="20200108 09:44:10.488" endtime="20200108 09:44:12.629"></status>
</suite>
<statistics>
<total>
<stat pass="1" fail="0">Critical Tests</stat>
<stat pass="1" fail="0">All Tests</stat>
</total>
<tag>
</tag>
<suite>
<stat pass="1" fail="0" id="s1" name="TC 010 Keywords in Resource">TC 010 Keywords in Resource</stat>
</suite>
</statistics>
<errors>
</errors>
</robot>
